
> zoukasplay-site@0.0.1 preview
> astro preview

02:01:07 [@astrojs/node] Enabling sessions with filesystem storage
02:01:07 [ERROR] [@astrojs/node] Unhandled rejection while rendering undefined
Error: listen EADDRINUSE: address already in use 127.0.0.1:4321
    at Server.setupListenHandle [as _listen2] (node:net:1940:16)
    at listenInCluster (node:net:1997:12)
    at GetAddrInfoReqWrap.callback (node:net:2206:7)
    at GetAddrInfoReqWrap.onlookupall [as oncomplete] (node:dns:133:8) {
  code: 'EADDRINUSE',
  errno: -48,
  syscall: 'listen',
  address: '127.0.0.1',
  port: 4321,
  loc: undefined,
  plugin: undefined,
  pluginCode: undefined,
  hint: undefined
}
listen EADDRINUSE: address already in use 127.0.0.1:4321
  Stack trace:
    at Server.setupListenHandle [as _listen2] (node:net:1940:16)
    at GetAddrInfoReqWrap.callback (node:net:2206:7)
