
> zoukasplay-site@0.0.1 dev
> astro dev

09:15:16 [@astrojs/node] Enabling sessions with filesystem storage
[vite] connected.
09:15:16 [types] Generated 1ms
09:15:16 [vite] Re-optimizing dependencies because vite config has changed
 astro  v6.3.6 ready in 708 ms
┃ Local    http://localhost:4321/
┃ Network  use --host to expose
09:15:16 watching for file changes...
▶ Vite 8.0.13 detected in your project.
  Astro requires Vite 7. Add "overrides": { "vite": "^7" } to your package.json to avoid issues.

09:15:17 [200] /admin/visual/dbab7a7c-6718-4c99-990a-5331490937e0 490ms
09:15:18 [404] /logo.png/ 107ms
09:15:18 [404] /logo.png/ 222ms
09:15:18 [404] /logo.png/ 71ms
09:15:20 [200] /contact/ 368ms
09:15:20 [ERROR] [MissingImageDimension] Missing width and height attributes for /images/contact-intro.png. When using remote images, both dimensions are required in order to avoid CLS.
  Hint:
    If your image is inside your `src` folder, you probably meant to import it instead. See the Imports guide for more information https://docs.astro.build/en/guides/imports/#other-assets. You can also use `inferSize={true}` for remote images to get the original dimensions.
  Error reference:
    https://docs.astro.build/en/reference/errors/missing-image-dimension/
  Stack trace:
    at /Users/universparty/wa-web-launcher/kassia-site/node_modules/astro/dist/assets/services/service.js:35:13
    [...] See full stack trace in the browser, or rerun with --verbose.
09:15:20 [404] /logo.png/ 89ms
09:15:21 [404] /logo.png/ 284ms
09:15:21 [404] /logo.png/ 71ms
09:16:17 [watch] /src/pages/[...slug].astro?astro&type=style&index=0&lang.css
09:16:17 [200] /admin/visual/dbab7a7c-6718-4c99-990a-5331490937e0 409ms
09:16:17 [200] /contact/ 384ms
09:16:17 [200] /contact/ 388ms
09:16:18 [404] /logo.png/ 84ms
09:16:18 [404] /logo.png/ 84ms
09:16:18 [404] /logo.png/ 83ms
09:16:18 [404] /logo.png/ 88ms
09:16:18 [404] /logo.png/ 81ms
09:16:18 [404] /logo.png/ 79ms
09:22:50 [200] /contact/ 471ms
09:22:51 [404] /logo.png/ 124ms
09:22:52 [404] /logo.png/ 1064ms
09:23:52 [watch] src/components/Header.astro
09:23:53 [200] /contact/ 1035ms
09:23:53 [404] /logo.png/ 151ms
09:23:54 [200] /admin/visual/dbab7a7c-6718-4c99-990a-5331490937e0 751ms
09:23:54 [404] /logo.png/ 123ms
09:23:54 [404] /logo.png/ 100ms
09:23:54 [404] /logo.png/ 110ms
09:23:54 [404] /logo.png/ 80ms
09:23:57 [watch] /src/components/Footer.astro?astro&type=style&index=0&lang.css
09:23:58 [200] /contact/ 650ms
09:23:58 [200] /admin/visual/dbab7a7c-6718-4c99-990a-5331490937e0 340ms
09:23:58 [404] /logo.png/ 84ms
09:23:58 [404] /logo.png/ 81ms
09:23:58 [404] /logo.png/ 81ms
09:23:59 [404] /logo.png/ 82ms
09:23:59 [404] /logo.png/ 80ms
09:23:59 [404] /logo.png/ 77ms
09:24:17 [200] /contact/ 231ms
09:24:17 [404] /logo.png/ 76ms
09:24:18 [404] /logo.png/ 76ms
09:24:18 [404] /logo.png/ 78ms
09:24:18 [404] /logo.png/ 82ms
09:24:31 [watch] src/components/Header.astro
09:24:31 [200] /contact/ 260ms
09:24:31 [200] /admin/visual/dbab7a7c-6718-4c99-990a-5331490937e0 332ms
09:24:31 [404] /logo.png/ 75ms
09:24:31 [404] /logo.png/ 75ms
09:24:31 [404] /logo.png/ 78ms
09:24:32 [404] /logo.png/ 77ms
09:24:32 [404] /logo.png/ 69ms
09:24:32 [404] /logo.png/ 80ms
09:24:38 [watch] /src/components/Footer.astro?astro&type=style&index=0&lang.css
09:24:39 [200] /contact/ 498ms
09:24:39 [200] /admin/visual/dbab7a7c-6718-4c99-990a-5331490937e0 364ms
09:24:39 [404] /logo.png/ 75ms
09:24:39 [404] /logo.png/ 97ms
09:24:39 [404] /logo.png/ 104ms
09:24:40 [404] /logo.png/ 81ms
09:24:40 [404] /logo.png/ 80ms
09:24:40 [404] /logo.png/ 78ms
09:24:40 [404] /logo.png/ 91ms
09:26:45 [200] /contact/ 249ms
09:26:45 [404] /logo.png/ 79ms
09:26:45 [404] /logo.png/ 74ms
09:26:45 [404] /logo.png/ 75ms
09:26:46 [404] /logo.png/ 83ms
09:29:59 [200] /contact/ 475ms
09:29:59 [404] /logo.png/ 99ms
09:29:59 [404] /logo.png/ 96ms
09:30:00 [404] /logo.png/ 86ms
09:53:29 [200] /contact/ 490ms
09:53:29 [404] /logo.png/ 106ms
09:53:29 [404] /logo.png/ 85ms
09:53:30 [404] /logo.png/ 296ms
09:53:30 [404] /logo.png/ 76ms
09:55:26 [watch] /src/components/Footer.astro?astro&type=style&index=0&lang.css
09:55:27 [200] /admin/visual/dbab7a7c-6718-4c99-990a-5331490937e0 406ms
09:55:27 [200] /contact/ 387ms
09:55:27 [404] /logo.png/ 77ms
09:55:28 [404] /logo.png/ 68ms
09:55:28 [404] /logo.png/ 75ms
09:55:28 [404] /logo.png/ 78ms
09:55:28 [404] /logo.png/ 74ms
09:55:28 [404] /logo.png/ 79ms
09:55:51 [watch] /src/pages/[...slug].astro?astro&type=style&index=0&lang.css
09:55:51 [200] /contact/ 243ms
09:55:51 [200] /admin/visual/dbab7a7c-6718-4c99-990a-5331490937e0 380ms
09:55:51 [404] /logo.png/ 84ms
09:55:51 [404] /logo.png/ 81ms
09:55:52 [404] /logo.png/ 95ms
09:55:52 [404] /logo.png/ 94ms
09:55:52 [404] /logo.png/ 102ms
09:55:52 [404] /logo.png/ 135ms
10:06:05 [watch] /src/components/GoogleBadge.astro?astro&type=style&index=0&lang.css
10:06:06 [200] /contact/ 301ms
10:06:06 [200] /admin/visual/dbab7a7c-6718-4c99-990a-5331490937e0 422ms
10:06:06 [404] /logo.png/ 103ms
10:06:07 [404] /logo.png/ 83ms
10:06:07 [404] /logo.png/ 71ms
10:06:07 [404] /logo.png/ 82ms
10:06:07 [404] /logo.png/ 84ms
10:09:10 [200] /contact/ 471ms
10:09:11 [404] /logo.png/ 73ms
10:09:11 [404] /logo.png/ 137ms
10:09:11 [404] /logo.png/ 76ms
10:09:54 [403] POST /admin/visual/dbab7a7c-6718-4c99-990a-5331490937e0 0ms
10:10:54 [200] POST /admin/visual/dbab7a7c-6718-4c99-990a-5331490937e0 802ms
10:10:55 [200] /admin/visual/dbab7a7c-6718-4c99-990a-5331490937e0 347ms
10:10:56 [200] POST /admin/visual/dbab7a7c-6718-4c99-990a-5331490937e0 565ms
10:15:03 [200] /contact/ 347ms
10:15:04 [404] /logo.png/ 75ms
10:15:04 [404] /logo.png/ 75ms
10:15:04 [404] /logo.png/ 72ms
10:15:04 [404] /logo.png/ 78ms
10:15:07 [200] /contact/ 180ms
10:15:08 [404] /logo.png/ 78ms
10:15:08 [404] /logo.png/ 75ms
10:15:08 [404] /logo.png/ 81ms
10:15:08 [404] /logo.png/ 85ms
10:18:00 [200] /contact/ 361ms
10:18:01 [404] /logo.png/ 121ms
10:18:01 [404] /logo.png/ 81ms
10:18:01 [404] /logo.png/ 84ms
10:18:31 [watch] /src/pages/[...slug].astro?astro&type=style&index=0&lang.css
10:18:32 [200] /contact/ 231ms
10:18:32 [200] /admin/visual/dbab7a7c-6718-4c99-990a-5331490937e0 351ms
10:18:32 [404] /logo.png/ 138ms
10:18:33 [404] /logo.png/ 82ms
10:18:33 [404] /logo.png/ 71ms
10:18:33 [404] /logo.png/ 84ms
10:18:33 [404] /logo.png/ 73ms
10:18:39 [watch] src/pages/admin/visual/[id].astro
10:18:40 [200] /contact/ 296ms
10:18:40 [200] /admin/visual/dbab7a7c-6718-4c99-990a-5331490937e0 338ms
10:18:40 [404] /logo.png/ 83ms
10:18:40 [404] /logo.png/ 78ms
10:18:41 [404] /logo.png/ 80ms
10:18:41 [404] /logo.png/ 87ms
10:18:41 [404] /logo.png/ 81ms
10:19:08 [200] /contact/ 254ms
10:19:08 [404] /logo.png/ 83ms
10:19:09 [404] /logo.png/ 78ms
10:19:09 [404] /logo.png/ 87ms
10:20:25 [watch] /src/components/ReviewsCarousel.astro?astro&type=style&index=0&lang.css
10:20:25 [200] /contact/ 270ms
10:20:25 [200] /admin/visual/dbab7a7c-6718-4c99-990a-5331490937e0 393ms
10:20:25 [404] /logo.png/ 81ms
10:20:25 [404] /logo.png/ 85ms
10:20:26 [404] /logo.png/ 86ms
10:20:26 [404] /logo.png/ 77ms
10:20:26 [404] /logo.png/ 82ms
10:20:26 [404] /logo.png/ 80ms
10:22:09 [watch] /src/components/ReviewsCarousel.astro?astro&type=style&index=0&lang.css
10:22:09 [200] /contact/ 355ms
10:22:09 [200] /admin/visual/dbab7a7c-6718-4c99-990a-5331490937e0 545ms
10:22:09 [404] /logo.png/ 83ms
10:22:10 [404] /logo.png/ 85ms
10:22:10 [404] /logo.png/ 77ms
10:22:10 [404] /logo.png/ 75ms
10:22:10 [404] /logo.png/ 103ms
10:22:10 [404] /logo.png/ 81ms
10:23:11 [200] /contact/ 277ms
10:23:11 [404] /logo.png/ 87ms
10:23:12 [404] /logo.png/ 79ms
10:23:12 [404] /logo.png/ 103ms
10:26:05 [watch] /src/pages/[...slug].astro?astro&type=style&index=0&lang.css
10:26:06 [200] /contact/ 448ms
10:26:06 [404] /logo.png/ 82ms
10:26:06 [200] /admin/visual/dbab7a7c-6718-4c99-990a-5331490937e0 319ms
10:26:06 [200] /contact/ 321ms
10:26:06 [404] /logo.png/ 229ms
10:26:06 [404] /logo.png/ 72ms
10:26:06 [404] /logo.png/ 77ms
10:26:06 [404] /logo.png/ 83ms
10:26:07 [404] /logo.png/ 81ms
10:26:07 [404] /logo.png/ 80ms
10:26:07 [404] /logo.png/ 75ms
10:26:07 [404] /logo.png/ 83ms
10:26:08 [404] /logo.png/ 88ms
10:26:11 [watch] src/pages/admin/visual/[id].astro
10:26:12 [200] /contact/ 189ms
10:26:12 [404] /logo.png/ 105ms
10:26:12 [200] /contact/ 224ms
10:26:12 [200] /admin/visual/dbab7a7c-6718-4c99-990a-5331490937e0 315ms
10:26:12 [404] /logo.png/ 86ms
10:26:12 [404] /logo.png/ 72ms
10:26:12 [404] /logo.png/ 74ms
10:26:13 [404] /logo.png/ 77ms
10:26:13 [404] /logo.png/ 81ms
10:26:13 [404] /logo.png/ 71ms
10:26:13 [404] /logo.png/ 251ms
10:26:13 [404] /logo.png/ 72ms
10:31:09 [200] /contact/ 418ms
10:31:10 [404] /logo.png/ 94ms
10:31:10 [404] /logo.png/ 72ms
10:31:10 [404] /logo.png/ 73ms
10:32:13 [watch] /src/components/ReviewsCarousel.astro?astro&type=style&index=0&lang.css
10:32:13 [200] /contact/ 565ms
10:32:13 [200] /admin/visual/dbab7a7c-6718-4c99-990a-5331490937e0 434ms
10:32:13 [200] /contact/ 218ms
10:32:13 [404] /logo.png/ 82ms
10:32:14 [404] /logo.png/ 95ms
10:32:14 [404] /logo.png/ 89ms
10:32:16 [404] /logo.png/ 2534ms
10:32:17 [404] /logo.png/ 130ms
10:32:17 [404] /logo.png/ 180ms
10:32:17 [404] /logo.png/ 103ms
10:32:17 [404] /logo.png/ 270ms
10:32:18 [404] /logo.png/ 85ms
10:33:10 [200] /contact/ 432ms
10:33:10 [404] /logo.png/ 117ms
10:33:11 [404] /logo.png/ 343ms
10:33:11 [404] /logo.png/ 82ms
10:33:11 [404] /logo.png/ 78ms
10:33:54 [watch] /src/pages/[...slug].astro?astro&type=style&index=0&lang.css
10:33:55 [200] /contact/ 708ms
10:33:55 [404] /logo.png/ 80ms
10:33:55 [404] /logo.png/ 129ms
10:33:55 [200] /contact/ 392ms
10:33:55 [404] /logo.png/ 113ms
10:33:55 [200] /admin/visual/dbab7a7c-6718-4c99-990a-5331490937e0 563ms
10:33:55 [404] /logo.png/ 90ms
10:33:56 [404] /logo.png/ 102ms
10:33:56 [404] /logo.png/ 112ms
10:33:56 [404] /logo.png/ 198ms
10:33:56 [404] /logo.png/ 74ms
10:33:56 [404] /logo.png/ 76ms
10:33:56 [404] /logo.png/ 68ms
10:33:56 [404] /logo.png/ 72ms
10:34:02 [watch] src/pages/admin/visual/[id].astro
10:34:02 [200] /contact/ 478ms
10:34:02 [200] /admin/visual/dbab7a7c-6718-4c99-990a-5331490937e0 562ms
10:34:02 [200] /contact/ 200ms
10:34:02 [404] /logo.png/ 79ms
10:34:03 [404] /logo.png/ 79ms
10:34:03 [404] /logo.png/ 75ms
10:34:03 [404] /logo.png/ 78ms
10:34:03 [404] /logo.png/ 91ms
10:34:03 [404] /logo.png/ 79ms
10:34:03 [404] /logo.png/ 90ms
10:34:03 [404] /logo.png/ 82ms
10:34:04 [404] /logo.png/ 83ms
10:34:04 [404] /logo.png/ 76ms
10:34:07 [200] /contact/ 175ms
10:34:07 [404] /logo.png/ 79ms
10:34:07 [404] /logo.png/ 99ms
10:34:08 [404] /logo.png/ 79ms
10:36:43 [watch] /src/components/ReviewsCarousel.astro?astro&type=style&index=0&lang.css
10:36:43 [200] /contact/ 432ms
10:36:44 [404] /logo.png/ 115ms
10:36:44 [404] /logo.png/ 90ms
10:36:44 [200] /contact/ 214ms
10:36:44 [404] /logo.png/ 89ms
10:36:44 [200] /admin/visual/dbab7a7c-6718-4c99-990a-5331490937e0 375ms
10:36:44 [404] /logo.png/ 81ms
10:36:44 [404] /logo.png/ 73ms
10:36:44 [404] /logo.png/ 82ms
10:36:45 [404] /logo.png/ 87ms
10:36:45 [404] /logo.png/ 86ms
10:36:45 [404] /logo.png/ 81ms
10:36:45 [404] /logo.png/ 84ms
11:19:55 [200] /preturi-decoratiuni-baloane/ 505ms
11:19:55 [404] /logo.png/ 131ms
11:19:55 [404] /logo.png/ 76ms
11:19:56 [404] /logo.png/ 90ms
11:19:56 [404] /logo.png/ 82ms
11:19:59 [200] /preturi-decoratiuni-baloane/ 332ms
11:19:59 [404] /logo.png/ 70ms
11:20:00 [404] /logo.png/ 71ms
11:20:00 [404] /logo.png/ 84ms
11:28:40 [watch] src/components/Header.astro
11:28:41 [200] /contact/ 652ms
11:28:42 [200] /admin/visual/dbab7a7c-6718-4c99-990a-5331490937e0 693ms
11:28:42 [200] /contact/ 181ms
11:28:42 [200] /preturi-decoratiuni-baloane/ 886ms
11:28:42 [404] /logo.png/ 112ms
11:28:42 [200] /preturi-decoratiuni-baloane/ 167ms
11:28:42 [404] /logo.png/ 79ms
11:28:42 [404] /logo.png/ 84ms
11:28:42 [404] /logo.png/ 73ms
11:28:42 [404] /logo.png/ 72ms
11:28:42 [404] /logo.png/ 69ms
11:28:42 [404] /logo.png/ 73ms
11:28:43 [404] /logo.png/ 71ms
11:28:43 [404] /logo.png/ 71ms
11:28:43 [404] /logo.png/ 77ms
11:28:43 [404] /logo.png/ 78ms
11:28:43 [404] /logo.png/ 73ms
11:28:43 [404] /logo.png/ 78ms
11:28:43 [404] /logo.png/ 73ms
11:28:43 [404] /logo.png/ 87ms
11:28:44 [404] /logo.png/ 189ms
11:28:44 [404] /logo.png/ 77ms
11:28:44 [404] /logo.png/ 79ms
11:29:34 [watch] /src/pages/[...slug].astro?astro&type=style&index=0&lang.css
11:29:35 [200] /contact/ 227ms
11:29:35 [200] /preturi-decoratiuni-baloane/ 342ms
11:29:35 [200] /admin/visual/dbab7a7c-6718-4c99-990a-5331490937e0 373ms
11:29:35 [200] /contact/ 163ms
11:29:35 [404] /logo.png/ 76ms
11:29:35 [200] /preturi-decoratiuni-baloane/ 183ms
11:29:35 [404] /logo.png/ 99ms
11:29:35 [404] /logo.png/ 100ms
11:29:36 [404] /logo.png/ 80ms
11:29:36 [404] /logo.png/ 81ms
11:29:36 [404] /logo.png/ 75ms
11:29:36 [404] /logo.png/ 74ms
11:29:36 [404] /logo.png/ 77ms
11:29:36 [404] /logo.png/ 82ms
11:29:36 [404] /logo.png/ 88ms
11:29:36 [404] /logo.png/ 79ms
11:29:36 [404] /logo.png/ 73ms
11:29:37 [404] /logo.png/ 80ms
11:29:37 [404] /logo.png/ 74ms
11:29:42 [watch] src/pages/admin/visual/[id].astro
11:29:43 [200] /admin/visual/dbab7a7c-6718-4c99-990a-5331490937e0 598ms
11:29:43 [200] /contact/ 619ms
11:29:43 [200] /preturi-decoratiuni-baloane/ 634ms
11:29:44 [200] /contact/ 169ms
11:29:44 [404] /logo.png/ 79ms
11:29:44 [200] /preturi-decoratiuni-baloane/ 227ms
11:29:44 [404] /logo.png/ 71ms
11:29:44 [404] /logo.png/ 74ms
11:29:44 [404] /logo.png/ 75ms
11:29:44 [404] /logo.png/ 84ms
11:29:44 [404] /logo.png/ 125ms
11:29:44 [404] /logo.png/ 78ms
11:29:44 [404] /logo.png/ 82ms
11:29:44 [404] /logo.png/ 94ms
11:29:44 [404] /logo.png/ 99ms
11:29:45 [404] /logo.png/ 96ms
11:29:45 [404] /logo.png/ 80ms
11:29:45 [404] /logo.png/ 72ms
11:29:45 [404] /logo.png/ 88ms
11:29:45 [404] /logo.png/ 86ms
11:30:26 [watch] src/pages/admin/visual/[id].astro
11:30:27 [200] /contact/ 289ms
11:30:27 [200] /preturi-decoratiuni-baloane/ 261ms
11:30:27 [200] /admin/visual/dbab7a7c-6718-4c99-990a-5331490937e0 366ms
11:30:27 [200] /contact/ 200ms
11:30:27 [404] /logo.png/ 83ms
11:30:27 [200] /preturi-decoratiuni-baloane/ 227ms
11:30:27 [404] /logo.png/ 81ms
11:30:27 [404] /logo.png/ 88ms
11:30:28 [404] /logo.png/ 74ms
11:30:28 [404] /logo.png/ 72ms
11:30:28 [404] /logo.png/ 80ms
11:30:28 [404] /logo.png/ 80ms
11:30:28 [404] /logo.png/ 87ms
11:30:28 [404] /logo.png/ 77ms
11:30:28 [404] /logo.png/ 81ms
11:30:28 [404] /logo.png/ 79ms
11:30:28 [404] /logo.png/ 73ms
11:30:29 [404] /logo.png/ 77ms
11:30:29 [404] /logo.png/ 76ms
11:33:05 [200] /preturi-decoratiuni-baloane/ 289ms
11:33:05 [404] /logo.png/ 87ms
11:36:46 [watch] /src/components/ReviewsCarousel.astro?astro&type=style&index=0&lang.css
11:36:47 [200] /preturi-decoratiuni-baloane/ 448ms
11:36:47 [200] /contact/ 467ms
11:36:47 [200] /admin/visual/dbab7a7c-6718-4c99-990a-5331490937e0 520ms
11:36:47 [200] /preturi-decoratiuni-baloane/ 192ms
11:36:48 [200] /contact/ 254ms
11:36:48 [404] /logo.png/ 120ms
11:36:48 [404] /logo.png/ 74ms
11:36:48 [404] /logo.png/ 78ms
11:36:48 [404] /logo.png/ 88ms
11:36:48 [404] /logo.png/ 85ms
11:36:48 [404] /logo.png/ 89ms
11:36:48 [404] /logo.png/ 89ms
11:36:49 [404] /logo.png/ 82ms
11:36:49 [404] /logo.png/ 76ms
11:36:49 [404] /logo.png/ 88ms
11:36:49 [404] /logo.png/ 87ms
11:36:49 [404] /logo.png/ 86ms
11:36:49 [404] /logo.png/ 67ms
11:50:03 [200] /preturi-decoratiuni-baloane/ 394ms
11:50:03 [404] /logo.png/ 142ms
11:50:04 [200] /preturi-decoratiuni-baloane/ 222ms
11:50:05 [404] /logo.png/ 94ms
11:51:02 [watch] src/components/Header.astro
11:51:03 [200] /contact/ 644ms
11:51:04 [200] /preturi-decoratiuni-baloane/ 764ms
11:51:04 [200] /contact/ 318ms
11:51:04 [200] /admin/visual/dbab7a7c-6718-4c99-990a-5331490937e0 1616ms
11:51:04 [404] /logo.png/ 662ms
11:51:04 [200] /preturi-decoratiuni-baloane/ 856ms
11:51:05 [404] /logo.png/ 77ms
11:51:05 [404] /logo.png/ 95ms
11:51:05 [404] /logo.png/ 68ms
11:51:05 [404] /logo.png/ 78ms
11:51:05 [404] /logo.png/ 82ms
11:51:05 [404] /logo.png/ 79ms
11:51:05 [404] /logo.png/ 79ms
11:51:05 [404] /logo.png/ 80ms
11:51:06 [404] /logo.png/ 82ms
11:51:06 [404] /logo.png/ 70ms
11:51:06 [404] /logo.png/ 71ms
11:51:06 [404] /logo.png/ 85ms
11:51:06 [404] /logo.png/ 78ms
11:56:32 [watch] /src/pages/[...slug].astro?astro&type=style&index=0&lang.css
11:56:33 [200] /preturi-decoratiuni-baloane/ 294ms
11:56:33 [200] /contact/ 316ms
11:56:33 [200] /admin/visual/dbab7a7c-6718-4c99-990a-5331490937e0 406ms
11:56:33 [200] /preturi-decoratiuni-baloane/ 172ms
11:56:33 [200] /contact/ 207ms
11:56:33 [404] /logo.png/ 141ms
11:56:34 [404] /logo.png/ 72ms
11:56:34 [404] /logo.png/ 77ms
11:56:34 [404] /logo.png/ 77ms
11:56:34 [404] /logo.png/ 97ms
11:56:34 [404] /logo.png/ 101ms
11:56:34 [404] /logo.png/ 72ms
11:56:34 [404] /logo.png/ 78ms
11:56:34 [404] /logo.png/ 74ms
11:56:35 [404] /logo.png/ 70ms
11:56:35 [404] /logo.png/ 76ms
11:56:35 [404] /logo.png/ 73ms
11:56:35 [404] /logo.png/ 77ms
11:56:35 [404] /logo.png/ 72ms
11:56:35 [404] /logo.png/ 72ms
11:56:35 [404] /logo.png/ 77ms
11:56:35 [404] /logo.png/ 75ms
11:56:36 [404] /logo.png/ 71ms
11:56:43 [watch] src/pages/admin/visual/[id].astro
11:56:43 [200] /preturi-decoratiuni-baloane/ 586ms
11:56:43 [200] /contact/ 596ms
11:56:44 [200] /admin/visual/dbab7a7c-6718-4c99-990a-5331490937e0 703ms
11:56:44 [200] /contact/ 169ms
11:56:44 [404] /logo.png/ 80ms
11:56:44 [200] /preturi-decoratiuni-baloane/ 333ms
11:56:44 [404] /logo.png/ 81ms
11:56:44 [404] /logo.png/ 80ms
11:56:44 [404] /logo.png/ 76ms
11:56:44 [404] /logo.png/ 79ms
11:56:44 [404] /logo.png/ 78ms
11:56:44 [404] /logo.png/ 78ms
11:56:44 [404] /logo.png/ 142ms
11:56:44 [404] /logo.png/ 146ms
11:56:45 [404] /logo.png/ 105ms
11:56:45 [404] /logo.png/ 84ms
11:56:45 [404] /logo.png/ 69ms
11:56:45 [404] /logo.png/ 76ms
11:56:46 [404] /logo.png/ 77ms
11:56:46 [404] /logo.png/ 75ms
11:56:46 [404] /logo.png/ 71ms
11:56:46 [404] /logo.png/ 108ms
11:56:46 [404] /logo.png/ 71ms
12:02:14 [200] /preturi-decoratiuni-baloane/ 358ms
12:02:14 [404] /logo.png/ 91ms
12:02:14 [404] /logo.png/ 86ms
12:02:15 [404] /logo.png/ 105ms
12:03:57 [watch] /src/pages/[...slug].astro?astro&type=style&index=0&lang.css
12:03:58 [200] /preturi-decoratiuni-baloane/ 607ms
12:03:58 [200] /contact/ 609ms
12:03:59 [200] /admin/visual/dbab7a7c-6718-4c99-990a-5331490937e0 741ms
12:03:59 [200] /contact/ 184ms
12:03:59 [404] /logo.png/ 84ms
12:03:59 [200] /preturi-decoratiuni-baloane/ 362ms
12:03:59 [404] /logo.png/ 75ms
12:03:59 [404] /logo.png/ 75ms
12:03:59 [404] /logo.png/ 75ms
12:03:59 [404] /logo.png/ 90ms
12:03:59 [404] /logo.png/ 84ms
12:03:59 [404] /logo.png/ 85ms
12:04:00 [404] /logo.png/ 127ms
12:04:00 [404] /logo.png/ 103ms
12:04:00 [404] /logo.png/ 74ms
12:04:00 [404] /logo.png/ 73ms
12:04:00 [404] /logo.png/ 77ms
12:04:00 [404] /logo.png/ 78ms
12:04:01 [404] /logo.png/ 80ms
12:04:01 [404] /logo.png/ 90ms
12:04:01 [404] /logo.png/ 106ms
12:04:01 [404] /logo.png/ 78ms
12:04:06 [watch] src/pages/admin/visual/[id].astro
12:04:07 [200] /preturi-decoratiuni-baloane/ 427ms
12:04:07 [200] /contact/ 457ms
12:04:07 [200] /admin/visual/dbab7a7c-6718-4c99-990a-5331490937e0 624ms
12:04:07 [200] /preturi-decoratiuni-baloane/ 222ms
12:04:07 [200] /contact/ 203ms
12:04:08 [404] /logo.png/ 101ms
12:04:08 [404] /logo.png/ 82ms
12:04:08 [404] /logo.png/ 80ms
12:04:08 [404] /logo.png/ 79ms
12:04:08 [404] /logo.png/ 68ms
12:04:08 [404] /logo.png/ 81ms
12:04:08 [404] /logo.png/ 75ms
12:04:08 [404] /logo.png/ 74ms
12:04:08 [404] /logo.png/ 84ms
12:04:09 [404] /logo.png/ 77ms
12:04:09 [404] /logo.png/ 69ms
12:04:09 [404] /logo.png/ 79ms
12:04:09 [404] /logo.png/ 69ms
12:04:09 [404] /logo.png/ 79ms
12:04:09 [404] /logo.png/ 82ms
12:04:09 [404] /logo.png/ 76ms
12:04:10 [404] /logo.png/ 74ms
12:31:11 [200] /preturi-decoratiuni-baloane/ 908ms
12:31:11 [404] /logo.png/ 145ms
12:31:11 [404] /logo.png/ 137ms
12:31:12 [404] /logo.png/ 123ms
12:38:17 [watch] /src/pages/[...slug].astro?astro&type=style&index=0&lang.css
12:38:18 [200] /preturi-decoratiuni-baloane/ 386ms
12:38:18 [200] /contact/ 454ms
12:38:18 [200] /admin/visual/dbab7a7c-6718-4c99-990a-5331490937e0 578ms
12:38:18 [200] /preturi-decoratiuni-baloane/ 208ms
12:38:19 [404] /logo.png/ 99ms
12:38:19 [200] /contact/ 365ms
12:38:19 [404] /logo.png/ 149ms
12:38:19 [404] /logo.png/ 164ms
12:38:19 [404] /logo.png/ 79ms
12:38:19 [404] /logo.png/ 81ms
12:38:19 [404] /logo.png/ 88ms
12:38:19 [404] /logo.png/ 74ms
12:38:19 [404] /logo.png/ 80ms
12:38:19 [404] /logo.png/ 69ms
12:38:20 [404] /logo.png/ 78ms
12:38:20 [404] /logo.png/ 72ms
12:38:20 [404] /logo.png/ 73ms
12:38:20 [404] /logo.png/ 74ms
12:38:20 [404] /logo.png/ 68ms
12:38:20 [404] /logo.png/ 71ms
12:38:20 [404] /logo.png/ 74ms
12:38:21 [404] /logo.png/ 70ms
12:38:21 [404] /logo.png/ 79ms
12:38:45 [watch] src/pages/admin/visual/[id].astro
12:38:45 [200] /contact/ 255ms
12:38:45 [200] /preturi-decoratiuni-baloane/ 273ms
12:38:45 [200] /preturi-decoratiuni-baloane/ 166ms
12:38:45 [404] /logo.png/ 72ms
12:38:45 [200] /admin/visual/dbab7a7c-6718-4c99-990a-5331490937e0 492ms
12:38:45 [200] /contact/ 291ms
12:38:45 [404] /logo.png/ 70ms
12:38:45 [404] /logo.png/ 80ms
12:38:46 [404] /logo.png/ 76ms
12:38:46 [404] /logo.png/ 86ms
12:38:46 [404] /logo.png/ 77ms
12:38:46 [404] /logo.png/ 81ms
12:38:46 [404] /logo.png/ 73ms
12:38:46 [404] /logo.png/ 75ms
12:38:46 [404] /logo.png/ 78ms
12:38:46 [404] /logo.png/ 78ms
12:38:46 [404] /logo.png/ 79ms
12:38:47 [404] /logo.png/ 80ms
12:38:47 [404] /logo.png/ 83ms
12:38:47 [404] /logo.png/ 73ms
12:38:47 [404] /logo.png/ 70ms
12:38:47 [404] /logo.png/ 76ms
12:38:47 [404] /logo.png/ 72ms
12:38:47 [404] /logo.png/ 78ms
12:57:09 [200] /preturi-decoratiuni-baloane/ 811ms
12:57:10 [404] /logo.png/ 122ms
12:57:10 [404] /logo.png/ 93ms
12:57:10 [404] /logo.png/ 88ms
12:57:12 [200] /preturi-decoratiuni-baloane/ 187ms
12:57:13 [404] /logo.png/ 84ms
12:57:13 [404] /logo.png/ 88ms
12:57:13 [404] /logo.png/ 78ms
12:57:14 [200] /preturi-decoratiuni-baloane/ 216ms
12:57:15 [404] /logo.png/ 74ms
12:57:15 [404] /logo.png/ 78ms
12:57:15 [404] /logo.png/ 84ms
13:03:55 [200] /preturi-decoratiuni-baloane/ 450ms
13:03:56 [404] /logo.png/ 115ms
13:03:56 [404] /logo.png/ 93ms
13:03:56 [404] /logo.png/ 85ms
13:15:44 [200] /decoratiuni-baloane-bucuresti/ 405ms
13:15:45 [404] /logo.png/ 136ms
13:15:45 [404] /logo.png/ 96ms
13:15:45 [404] /logo.png/ 87ms
13:15:45 [404] /logo.png/ 87ms
13:24:46 [200] /decoratiuni-baloane-bucuresti/ 460ms
13:24:46 [404] /logo.png/ 98ms
13:24:46 [404] /logo.png/ 91ms
13:24:47 [404] /logo.png/ 91ms
13:37:26 [200] /arcada-baloane-bucuresti/ 539ms
13:37:26 [404] /logo.png/ 108ms
13:37:26 [404] /logo.png/ 93ms
13:37:26 [404] /logo.png/ 83ms
15:24:59 [200] /baloane-heliu-bucuresti/ 625ms
15:24:59 [200] /arcada-baloane-bucuresti/ 637ms
15:24:59 [404] /logo.png/ 97ms
15:24:59 [404] /logo.png/ 105ms
15:24:59 [404] /logo.png/ 100ms
15:24:59 [404] /logo.png/ 93ms
15:24:59 [404] /logo.png/ 99ms
15:25:00 [404] /logo.png/ 78ms
15:25:00 [404] /logo.png/ 96ms
15:25:00 [404] /logo.png/ 83ms
15:26:14 [200] /preturi-decoratiuni-baloane/ 1304ms
15:26:14 [200] /arcada-baloane-bucuresti/ 1303ms
15:26:14 [200] /baloane-heliu-bucuresti/ 1302ms
15:26:14 [200] /contact/ 1484ms
15:26:14 [200] /decoratiuni-baloane-bucuresti/ 1483ms
15:26:14 [404] /logo.png/ 191ms
15:26:15 [404] /logo.png/ 164ms
15:26:15 [404] /logo.png/ 194ms
15:26:15 [404] /logo.png/ 194ms
15:26:15 [404] /logo.png/ 172ms
15:26:16 [404] /logo.png/ 142ms
15:26:16 [404] /logo.png/ 105ms
15:26:16 [404] /logo.png/ 146ms
15:26:16 [404] /logo.png/ 166ms
15:26:17 [404] /logo.png/ 151ms
15:26:17 [404] /logo.png/ 109ms
15:26:17 [404] /logo.png/ 107ms
15:26:17 [404] /logo.png/ 189ms
15:26:17 [404] /logo.png/ 137ms
15:26:18 [404] /logo.png/ 148ms
15:26:18 [404] /logo.png/ 153ms
15:26:18 [404] /logo.png/ 207ms
15:26:18 [404] /logo.png/ 86ms
15:26:19 [404] /logo.png/ 138ms
15:35:24 [200] /arcada-baloane-bucuresti/ 768ms
15:35:25 [404] /logo.png/ 102ms
15:35:25 [404] /logo.png/ 93ms
15:35:25 [404] /logo.png/ 97ms
15:40:39 [200] /baloane-heliu-bucuresti/ 342ms
15:40:40 [404] /logo.png/ 113ms
15:40:40 [404] /logo.png/ 105ms
15:40:40 [404] /logo.png/ 80ms
15:40:40 [404] /logo.png/ 71ms
15:47:52 [200] /baloane-heliu-bucuresti/ 468ms
15:47:52 [404] /logo.png/ 97ms
15:47:52 [404] /logo.png/ 78ms
15:47:52 [404] /logo.png/ 84ms
16:21:43 [200] /baloane-heliu-bucuresti/ 623ms
16:21:43 [200] /baloane-heliu-bucuresti/ 367ms
16:21:43 [404] /logo.png/ 151ms
16:21:43 [404] /logo.png/ 157ms
16:21:43 [404] /logo.png/ 169ms
16:21:44 [404] /logo.png/ 170ms
16:21:44 [404] /logo.png/ 199ms
16:21:44 [404] /logo.png/ 174ms
16:21:45 [404] /logo.png/ 314ms
16:21:45 [404] /logo.png/ 172ms
17:56:45 [200] / 822ms
17:56:45 [301] /logo.png 1ms
17:56:45 [404] /logo.png/ 127ms
17:56:45 [301] /favicon.svg 2ms
17:56:45 [404] /logo.png/ 100ms
17:56:45 [404] /favicon.svg/ 120ms
17:56:46 [404] /logo.png/ 100ms
17:56:46 [404] /logo.png/ 90ms
18:00:51 [200] /galerie/ 571ms
18:00:52 [404] /logo.png/ 125ms
18:00:52 [404] /logo.png/ 236ms
18:00:53 [404] /logo.png/ 338ms
18:22:01 [200] / 1030ms
18:22:02 [404] /logo.png/ 126ms
18:22:02 [404] /logo.png/ 129ms
18:22:02 [404] /logo.png/ 95ms
18:22:10 [200] / 409ms
18:22:10 [301] /logo.png 3ms
18:22:10 [404] /logo.png/ 101ms
18:22:11 [301] /favicon.svg 2ms
18:22:11 [404] /logo.png/ 114ms
18:22:11 [404] /favicon.svg/ 113ms
18:22:11 [404] /logo.png/ 119ms
18:22:33 [200] /preturi-decoratiuni-baloane/ 545ms
18:22:33 [404] /logo.png/ 109ms
18:22:33 [404] /logo.png/ 134ms
18:22:34 [404] /logo.png/ 102ms
18:45:09 [200] /galerie/ 948ms
18:45:09 [200] / 972ms
18:45:09 [200] /baloane-heliu-bucuresti/ 948ms
18:45:09 [404] /logo.png/ 127ms
18:45:09 [404] /logo.png/ 116ms
18:45:10 [404] /logo.png/ 97ms
18:45:10 [404] /logo.png/ 109ms
18:45:10 [404] /logo.png/ 99ms
18:45:10 [404] /logo.png/ 99ms
18:45:10 [404] /logo.png/ 95ms
18:45:10 [404] /logo.png/ 98ms
18:45:10 [404] /logo.png/ 104ms
18:45:11 [404] /logo.png/ 99ms
18:45:11 [404] /logo.png/ 95ms
21:25:35 [200] /contact/ 520ms
21:25:35 [301] /logo.png 1ms
21:25:35 [404] /logo.png/ 114ms
21:25:36 [301] /favicon.svg 1ms
21:25:36 [404] /favicon.svg/ 82ms
21:25:36 [404] /logo.png/ 115ms
21:25:37 [404] /logo.png/ 1053ms
21:25:37 [404] /logo.png/ 79ms
21:25:44 [200] /preturi-decoratiuni-baloane/ 329ms
21:25:44 [301] /logo.png 1ms
21:25:44 [404] /logo.png/ 88ms
21:25:44 [301] /favicon.svg 1ms
21:25:44 [404] /logo.png/ 98ms
21:25:44 [404] /favicon.svg/ 107ms
21:25:45 [404] /logo.png/ 80ms
21:25:45 [404] /logo.png/ 76ms
21:25:54 [200] /decoratiuni-baloane-bucuresti/ 304ms
21:25:55 [301] /logo.png 1ms
21:25:55 [404] /logo.png/ 122ms
21:25:55 [301] /favicon.svg 1ms
21:25:55 [404] /logo.png/ 77ms
21:25:55 [404] /favicon.svg/ 74ms
21:25:55 [404] /logo.png/ 169ms
21:25:56 [404] /logo.png/ 83ms
21:26:06 [200] /baloane-heliu-bucuresti/ 225ms
21:26:06 [301] /logo.png 1ms
21:26:06 [404] /logo.png/ 82ms
21:26:06 [301] /favicon.svg 1ms
21:26:06 [404] /logo.png/ 77ms
21:26:06 [404] /favicon.svg/ 112ms
21:26:06 [404] /logo.png/ 85ms
21:26:07 [404] /logo.png/ 77ms
21:26:13 [200] /arcada-baloane-bucuresti/ 281ms
21:26:14 [301] /logo.png 1ms
21:26:14 [404] /logo.png/ 75ms
21:26:14 [301] /favicon.svg 1ms
21:26:14 [404] /logo.png/ 75ms
21:26:14 [404] /favicon.svg/ 113ms
21:26:14 [404] /logo.png/ 91ms
21:26:14 [404] /logo.png/ 79ms
21:27:25 [200] /preturi-decoratiuni-baloane/ 520ms
21:27:25 [200] /contact/ 589ms
21:27:25 [200] /decoratiuni-baloane-bucuresti/ 506ms
21:27:25 [200] /arcada-baloane-bucuresti/ 417ms
21:27:25 [200] /baloane-heliu-bucuresti/ 487ms
21:27:25 [404] /logo.png/ 88ms
21:27:25 [404] /logo.png/ 76ms
21:27:25 [404] /logo.png/ 70ms
21:27:25 [404] /logo.png/ 75ms
21:27:26 [404] /logo.png/ 82ms
21:27:26 [404] /logo.png/ 79ms
21:27:26 [404] /logo.png/ 74ms
21:27:26 [404] /logo.png/ 79ms
21:27:26 [404] /logo.png/ 79ms
21:27:26 [404] /logo.png/ 85ms
21:27:26 [404] /logo.png/ 80ms
21:27:27 [404] /logo.png/ 93ms
21:27:27 [404] /logo.png/ 89ms
21:27:27 [404] /logo.png/ 87ms
21:27:27 [404] /logo.png/ 84ms
21:27:27 [404] /logo.png/ 78ms
21:27:27 [404] /logo.png/ 76ms
21:36:57 [200] /panou-foto-baloane-bucuresti/ 312ms
21:36:58 [404] /logo.png/ 114ms
21:36:58 [404] /logo.png/ 82ms
21:36:58 [404] /logo.png/ 91ms
21:52:34 [200] /panou-foto-baloane-bucuresti/ 495ms
21:52:34 [404] /logo.png/ 107ms
21:52:34 [404] /logo.png/ 88ms
21:52:34 [404] /logo.png/ 80ms
21:52:35 [404] /logo.png/ 79ms
21:55:09 [200] /panou-foto-baloane-bucuresti/ 1060ms
21:55:10 [404] /logo.png/ 105ms
21:55:10 [404] /logo.png/ 118ms
21:55:11 [404] /logo.png/ 114ms
22:03:00 [200] /panou-foto-baloane-bucuresti/ 655ms
22:03:01 [404] /logo.png/ 418ms
22:03:02 [404] /logo.png/ 90ms
22:03:02 [404] /logo.png/ 80ms
22:03:03 [404] /logo.png/ 129ms
22:15:23 [200] /decoratiuni-baloane-botez-bucuresti/ 447ms
22:15:23 [404] /logo.png/ 109ms
22:15:23 [404] /logo.png/ 97ms
22:15:24 [404] /logo.png/ 86ms
22:15:24 [404] /logo.png/ 98ms
22:19:21 [200] /decoratiuni-baloane-botez-bucuresti/ 484ms
22:19:22 [404] /logo.png/ 93ms
22:19:22 [404] /logo.png/ 89ms
22:19:22 [404] /logo.png/ 84ms
22:19:23 [404] /logo.png/ 91ms
00:33:01 [200] /decoratiuni-baloane-botez-bucuresti/ 926ms
00:33:01 [200] /baloane-heliu-bucuresti/ 860ms
00:33:01 [200] /arcada-baloane-bucuresti/ 896ms
00:33:01 [200] /preturi-decoratiuni-baloane/ 860ms
00:33:01 [200] /panou-foto-baloane-bucuresti/ 936ms
00:33:01 [200] /decoratiuni-baloane-bucuresti/ 916ms
00:33:01 [404] /logo.png/ 102ms
00:33:01 [200] /decoratiuni-baloane-botez-bucuresti/ 212ms
00:33:01 [200] /contact/ 217ms
00:33:01 [200] /panou-foto-baloane-bucuresti/ 212ms
00:33:01 [404] /logo.png/ 76ms
00:33:01 [404] /logo.png/ 79ms
00:33:01 [200] /panou-foto-baloane-bucuresti/ 181ms
00:33:02 [404] /logo.png/ 91ms
00:33:02 [404] /logo.png/ 86ms
